0 info it worked if it ends with ok
1 verbose cli [ 'C:\\Program Files\\nodejs\\node.exe',
1 verbose cli   'C:\\Program Files\\nodejs\\node_modules\\npm\\bin\\npm-cli.js',
1 verbose cli   'install',
1 verbose cli   'node',
1 verbose cli   '-g' ]
2 info using npm@4.1.2
3 info using node@v7.6.0
4 silly loadCurrentTree Starting
5 silly install loadCurrentTree
6 silly install readGlobalPackageData
7 silly fetchPackageMetaData node
8 silly fetchNamedPackageData node
9 silly mapToRegistry name node
10 silly mapToRegistry using default registry
11 silly mapToRegistry registry https://registry.npmjs.org/
12 silly mapToRegistry data Result {
12 silly mapToRegistry   raw: 'node',
12 silly mapToRegistry   scope: null,
12 silly mapToRegistry   escapedName: 'node',
12 silly mapToRegistry   name: 'node',
12 silly mapToRegistry   rawSpec: '',
12 silly mapToRegistry   spec: 'latest',
12 silly mapToRegistry   type: 'tag' }
13 silly mapToRegistry uri https://registry.npmjs.org/node
14 verbose request uri https://registry.npmjs.org/node
15 verbose request no auth needed
16 info attempt registry request try #1 at 13:24:03
17 verbose request id 6c0a295d6c4c912a
18 verbose etag W/"561c5238-43d"
19 verbose lastModified Tue, 13 Oct 2015 00:37:12 GMT
20 http request GET https://registry.npmjs.org/node
21 http 200 https://registry.npmjs.org/node
22 verbose headers { date: 'Mon, 25 Jun 2018 11:24:02 GMT',
22 verbose headers   'content-type': 'application/json; charset=UTF-8',
22 verbose headers   'transfer-encoding': 'chunked',
22 verbose headers   connection: 'keep-alive',
22 verbose headers   'set-cookie': [ '__cfduid=d83ad23b447a5ce69d765f6b7558d010b1529925842; expires=Tue, 25-Jun-19 11:24:02 GMT; path=/; domain=.registry.npmjs.org; HttpOnly' ],
22 verbose headers   'cache-control': 'max-age=300',
22 verbose headers   'cf-cache-status': 'HIT',
22 verbose headers   'cf-ray': '430710c3e8ca6005-MRS',
22 verbose headers   etag: 'W/"9cd3eb2c5af1d50b92033ad776336e54"',
22 verbose headers   'expect-ct': 'max-age=604800, report-uri="https://report-uri.cloudflare.com/cdn-cgi/beacon/expect-ct"',
22 verbose headers   'last-modified': 'Thu, 21 Jun 2018 03:30:30 GMT',
22 verbose headers   vary: 'accept-encoding, accept',
22 verbose headers   server: 'cloudflare',
22 verbose headers   'content-encoding': 'gzip' }
23 silly get cb [ 200,
23 silly get   { date: 'Mon, 25 Jun 2018 11:24:02 GMT',
23 silly get     'content-type': 'application/json; charset=UTF-8',
23 silly get     'transfer-encoding': 'chunked',
23 silly get     connection: 'keep-alive',
23 silly get     'set-cookie': [ '__cfduid=d83ad23b447a5ce69d765f6b7558d010b1529925842; expires=Tue, 25-Jun-19 11:24:02 GMT; path=/; domain=.registry.npmjs.org; HttpOnly' ],
23 silly get     'cache-control': 'max-age=300',
23 silly get     'cf-cache-status': 'HIT',
23 silly get     'cf-ray': '430710c3e8ca6005-MRS',
23 silly get     etag: 'W/"9cd3eb2c5af1d50b92033ad776336e54"',
23 silly get     'expect-ct': 'max-age=604800, report-uri="https://report-uri.cloudflare.com/cdn-cgi/beacon/expect-ct"',
23 silly get     'last-modified': 'Thu, 21 Jun 2018 03:30:30 GMT',
23 silly get     vary: 'accept-encoding, accept',
23 silly get     server: 'cloudflare',
23 silly get     'content-encoding': 'gzip' } ]
24 verbose get saving node to C:\Users\jeana\AppData\Roaming\npm-cache\registry.npmjs.org\node\.cache.json
25 verbose correctMkdir C:\Users\jeana\AppData\Roaming\npm-cache correctMkdir not in flight; initializing
26 silly install normalizeTree
27 silly loadCurrentTree Finishing
28 silly loadIdealTree Starting
29 silly install loadIdealTree
30 silly cloneCurrentTree Starting
31 silly install cloneCurrentTreeToIdealTree
32 silly cloneCurrentTree Finishing
33 silly loadShrinkwrap Starting
34 silly install loadShrinkwrap
35 silly loadShrinkwrap Finishing
36 silly loadAllDepsIntoIdealTree Starting
37 silly install loadAllDepsIntoIdealTree
38 silly resolveWithNewModule node@10.5.0 checking installable status
39 silly cache add args [ 'node', null ]
40 verbose cache add spec node
41 silly cache add parsed spec Result {
41 silly cache add   raw: 'node',
41 silly cache add   scope: null,
41 silly cache add   escapedName: 'node',
41 silly cache add   name: 'node',
41 silly cache add   rawSpec: '',
41 silly cache add   spec: 'latest',
41 silly cache add   type: 'tag' }
42 silly addNamed node@latest
43 verbose addNamed "latest" is being treated as a dist-tag for node
44 info addNameTag [ 'node', 'latest' ]
45 silly mapToRegistry name node
46 silly mapToRegistry using default registry
47 silly mapToRegistry registry https://registry.npmjs.org/
48 silly mapToRegistry data Result {
48 silly mapToRegistry   raw: 'node',
48 silly mapToRegistry   scope: null,
48 silly mapToRegistry   escapedName: 'node',
48 silly mapToRegistry   name: 'node',
48 silly mapToRegistry   rawSpec: '',
48 silly mapToRegistry   spec: 'latest',
48 silly mapToRegistry   type: 'tag' }
49 silly mapToRegistry uri https://registry.npmjs.org/node
50 verbose addNameTag registry:https://registry.npmjs.org/node not in flight; fetching
51 verbose get https://registry.npmjs.org/node not expired, no request
52 silly addNameTag next cb for node with tag latest
53 silly addNamed node@10.5.0
54 verbose addNamed "10.5.0" is a plain semver version for node
55 silly mapToRegistry name node
56 silly mapToRegistry using default registry
57 silly mapToRegistry registry https://registry.npmjs.org/
58 silly mapToRegistry data Result {
58 silly mapToRegistry   raw: 'node',
58 silly mapToRegistry   scope: null,
58 silly mapToRegistry   escapedName: 'node',
58 silly mapToRegistry   name: 'node',
58 silly mapToRegistry   rawSpec: '',
58 silly mapToRegistry   spec: 'latest',
58 silly mapToRegistry   type: 'tag' }
59 silly mapToRegistry uri https://registry.npmjs.org/node
60 verbose addRemoteTarball https://registry.npmjs.org/node/-/node-10.5.0.tgz not in flight; adding
61 verbose addRemoteTarball [ 'https://registry.npmjs.org/node/-/node-10.5.0.tgz',
61 verbose addRemoteTarball   'e9c539d04e8a1532921b7f54c01c6330f55fd5be' ]
62 info retry fetch attempt 1 at 13:24:04
63 info attempt registry request try #1 at 13:24:04
64 http fetch GET https://registry.npmjs.org/node/-/node-10.5.0.tgz
65 http fetch 200 https://registry.npmjs.org/node/-/node-10.5.0.tgz
66 silly fetchAndShaCheck shasum e9c539d04e8a1532921b7f54c01c6330f55fd5be
67 verbose addTmpTarball C:\Users\jeana\AppData\Local\Temp\npm-18636-fbf46010\registry.npmjs.org\node\-\node-10.5.0.tgz not in flight; adding
68 verbose addTmpTarball already have metadata; skipping unpack for node@10.5.0
69 verbose correctMkdir C:\Users\jeana\AppData\Roaming\npm-cache correctMkdir not in flight; initializing
70 silly cache afterAdd node@10.5.0
71 verbose afterAdd C:\Users\jeana\AppData\Roaming\npm-cache\node\10.5.0\package\package.json not in flight; writing
72 verbose correctMkdir C:\Users\jeana\AppData\Roaming\npm-cache correctMkdir not in flight; initializing
73 verbose afterAdd C:\Users\jeana\AppData\Roaming\npm-cache\node\10.5.0\package\package.json written
74 silly fetchNamedPackageData node-bin-setup
75 silly mapToRegistry name node-bin-setup
76 silly mapToRegistry using default registry
77 silly mapToRegistry registry https://registry.npmjs.org/
78 silly mapToRegistry data Result {
78 silly mapToRegistry   raw: 'node-bin-setup',
78 silly mapToRegistry   scope: null,
78 silly mapToRegistry   escapedName: 'node-bin-setup',
78 silly mapToRegistry   name: 'node-bin-setup',
78 silly mapToRegistry   rawSpec: '',
78 silly mapToRegistry   spec: 'latest',
78 silly mapToRegistry   type: 'tag' }
79 silly mapToRegistry uri https://registry.npmjs.org/node-bin-setup
80 verbose request uri https://registry.npmjs.org/node-bin-setup
81 verbose request no auth needed
82 info attempt registry request try #1 at 13:24:04
83 http request GET https://registry.npmjs.org/node-bin-setup
84 http 200 https://registry.npmjs.org/node-bin-setup
85 verbose headers { date: 'Mon, 25 Jun 2018 11:24:03 GMT',
85 verbose headers   'content-type': 'application/json; charset=UTF-8',
85 verbose headers   'transfer-encoding': 'chunked',
85 verbose headers   connection: 'keep-alive',
85 verbose headers   'set-cookie': [ '__cfduid=d6e97cf03650e7d16de069a2a9f10461e1529925843; expires=Tue, 25-Jun-19 11:24:03 GMT; path=/; domain=.registry.npmjs.org; HttpOnly' ],
85 verbose headers   'cache-control': 'max-age=300',
85 verbose headers   'cf-cache-status': 'HIT',
85 verbose headers   'cf-ray': '430710c6cb9d6005-MRS',
85 verbose headers   etag: 'W/"696d6ec470fda56a33885508a280edab"',
85 verbose headers   'expect-ct': 'max-age=604800, report-uri="https://report-uri.cloudflare.com/cdn-cgi/beacon/expect-ct"',
85 verbose headers   'last-modified': 'Sun, 27 May 2018 09:55:03 GMT',
85 verbose headers   vary: 'accept-encoding, accept',
85 verbose headers   server: 'cloudflare',
85 verbose headers   'content-encoding': 'gzip' }
86 silly get cb [ 200,
86 silly get   { date: 'Mon, 25 Jun 2018 11:24:03 GMT',
86 silly get     'content-type': 'application/json; charset=UTF-8',
86 silly get     'transfer-encoding': 'chunked',
86 silly get     connection: 'keep-alive',
86 silly get     'set-cookie': [ '__cfduid=d6e97cf03650e7d16de069a2a9f10461e1529925843; expires=Tue, 25-Jun-19 11:24:03 GMT; path=/; domain=.registry.npmjs.org; HttpOnly' ],
86 silly get     'cache-control': 'max-age=300',
86 silly get     'cf-cache-status': 'HIT',
86 silly get     'cf-ray': '430710c6cb9d6005-MRS',
86 silly get     etag: 'W/"696d6ec470fda56a33885508a280edab"',
86 silly get     'expect-ct': 'max-age=604800, report-uri="https://report-uri.cloudflare.com/cdn-cgi/beacon/expect-ct"',
86 silly get     'last-modified': 'Sun, 27 May 2018 09:55:03 GMT',
86 silly get     vary: 'accept-encoding, accept',
86 silly get     server: 'cloudflare',
86 silly get     'content-encoding': 'gzip' } ]
87 verbose get saving node-bin-setup to C:\Users\jeana\AppData\Roaming\npm-cache\registry.npmjs.org\node-bin-setup\.cache.json
88 verbose correctMkdir C:\Users\jeana\AppData\Roaming\npm-cache correctMkdir not in flight; initializing
89 silly pickManifestFromRegistryMetadata spec >=1.0.0 <2.0.0 tag latest versions [ '1.0.0', '1.0.1', '1.0.2', '1.0.3', '1.0.4', '1.0.6' ]
90 silly resolveWithNewModule node-bin-setup@1.0.6 checking installable status
91 silly cache add args [ 'node-bin-setup@^1.0.0', null ]
92 verbose cache add spec node-bin-setup@^1.0.0
93 silly cache add parsed spec Result {
93 silly cache add   raw: 'node-bin-setup@^1.0.0',
93 silly cache add   scope: null,
93 silly cache add   escapedName: 'node-bin-setup',
93 silly cache add   name: 'node-bin-setup',
93 silly cache add   rawSpec: '^1.0.0',
93 silly cache add   spec: '>=1.0.0 <2.0.0',
93 silly cache add   type: 'range' }
94 silly addNamed node-bin-setup@>=1.0.0 <2.0.0
95 verbose addNamed ">=1.0.0 <2.0.0" is a valid semver range for node-bin-setup
96 silly addNameRange { name: 'node-bin-setup',
96 silly addNameRange   range: '>=1.0.0 <2.0.0',
96 silly addNameRange   hasData: false }
97 silly mapToRegistry name node-bin-setup
98 silly mapToRegistry using default registry
99 silly mapToRegistry registry https://registry.npmjs.org/
100 silly mapToRegistry data Result {
100 silly mapToRegistry   raw: 'node-bin-setup',
100 silly mapToRegistry   scope: null,
100 silly mapToRegistry   escapedName: 'node-bin-setup',
100 silly mapToRegistry   name: 'node-bin-setup',
100 silly mapToRegistry   rawSpec: '',
100 silly mapToRegistry   spec: 'latest',
100 silly mapToRegistry   type: 'tag' }
101 silly mapToRegistry uri https://registry.npmjs.org/node-bin-setup
102 verbose addNameRange registry:https://registry.npmjs.org/node-bin-setup not in flight; fetching
103 verbose get https://registry.npmjs.org/node-bin-setup not expired, no request
104 silly addNameRange number 2 { name: 'node-bin-setup',
104 silly addNameRange   range: '>=1.0.0 <2.0.0',
104 silly addNameRange   hasData: true }
105 silly addNameRange versions [ 'node-bin-setup',
105 silly addNameRange   [ '1.0.0', '1.0.1', '1.0.2', '1.0.3', '1.0.4', '1.0.6' ] ]
106 silly pickManifestFromRegistryMetadata spec >=1.0.0 <2.0.0 tag latest versions [ '1.0.0', '1.0.1', '1.0.2', '1.0.3', '1.0.4', '1.0.6' ]
107 silly addNamed node-bin-setup@latest
108 verbose addNamed "latest" is being treated as a dist-tag for node-bin-setup
109 info addNameTag [ 'node-bin-setup', 'latest' ]
110 silly mapToRegistry name node-bin-setup
111 silly mapToRegistry using default registry
112 silly mapToRegistry registry https://registry.npmjs.org/
113 silly mapToRegistry data Result {
113 silly mapToRegistry   raw: 'node-bin-setup',
113 silly mapToRegistry   scope: null,
113 silly mapToRegistry   escapedName: 'node-bin-setup',
113 silly mapToRegistry   name: 'node-bin-setup',
113 silly mapToRegistry   rawSpec: '',
113 silly mapToRegistry   spec: 'latest',
113 silly mapToRegistry   type: 'tag' }
114 silly mapToRegistry uri https://registry.npmjs.org/node-bin-setup
115 verbose addNameTag registry:https://registry.npmjs.org/node-bin-setup already in flight; waiting
116 silly addNameTag next cb for node-bin-setup with tag latest
117 silly addNamed node-bin-setup@1.0.6
118 verbose addNamed "1.0.6" is a plain semver version for node-bin-setup
119 silly mapToRegistry name node-bin-setup
120 silly mapToRegistry using default registry
121 silly mapToRegistry registry https://registry.npmjs.org/
122 silly mapToRegistry data Result {
122 silly mapToRegistry   raw: 'node-bin-setup',
122 silly mapToRegistry   scope: null,
122 silly mapToRegistry   escapedName: 'node-bin-setup',
122 silly mapToRegistry   name: 'node-bin-setup',
122 silly mapToRegistry   rawSpec: '',
122 silly mapToRegistry   spec: 'latest',
122 silly mapToRegistry   type: 'tag' }
123 silly mapToRegistry uri https://registry.npmjs.org/node-bin-setup
124 verbose addRemoteTarball https://registry.npmjs.org/node-bin-setup/-/node-bin-setup-1.0.6.tgz not in flight; adding
125 verbose addRemoteTarball [ 'https://registry.npmjs.org/node-bin-setup/-/node-bin-setup-1.0.6.tgz',
125 verbose addRemoteTarball   '4b5c9bb937ece702d7069b36ca78af4684677528' ]
126 info retry fetch attempt 1 at 13:24:04
127 info attempt registry request try #1 at 13:24:04
128 http fetch GET https://registry.npmjs.org/node-bin-setup/-/node-bin-setup-1.0.6.tgz
129 http fetch 200 https://registry.npmjs.org/node-bin-setup/-/node-bin-setup-1.0.6.tgz
130 silly fetchAndShaCheck shasum 4b5c9bb937ece702d7069b36ca78af4684677528
131 verbose addTmpTarball C:\Users\jeana\AppData\Local\Temp\npm-18636-fbf46010\registry.npmjs.org\node-bin-setup\-\node-bin-setup-1.0.6.tgz not in flight; adding
132 verbose addTmpTarball already have metadata; skipping unpack for node-bin-setup@1.0.6
133 verbose correctMkdir C:\Users\jeana\AppData\Roaming\npm-cache correctMkdir not in flight; initializing
134 silly cache afterAdd node-bin-setup@1.0.6
135 verbose afterAdd C:\Users\jeana\AppData\Roaming\npm-cache\node-bin-setup\1.0.6\package\package.json not in flight; writing
136 verbose correctMkdir C:\Users\jeana\AppData\Roaming\npm-cache correctMkdir not in flight; initializing
137 verbose afterAdd C:\Users\jeana\AppData\Roaming\npm-cache\node-bin-setup\1.0.6\package\package.json written
138 silly loadAllDepsIntoIdealTree Finishing
139 silly loadIdealTree Finishing
140 silly currentTree npm
141 silly idealTree npm
141 silly idealTree `-- node@10.5.0
141 silly idealTree   `-- node-bin-setup@1.0.6
142 silly generateActionsToTake Starting
143 silly install generateActionsToTake
144 silly generateActionsToTake Finishing
145 silly diffTrees action count 2
146 silly diffTrees add node-bin-setup@1.0.6
147 silly diffTrees add node@10.5.0
148 silly decomposeActions action count 16
149 silly decomposeActions fetch node-bin-setup@1.0.6
150 silly decomposeActions extract node-bin-setup@1.0.6
151 silly decomposeActions test node-bin-setup@1.0.6
152 silly decomposeActions preinstall node-bin-setup@1.0.6
153 silly decomposeActions build node-bin-setup@1.0.6
154 silly decomposeActions install node-bin-setup@1.0.6
155 silly decomposeActions postinstall node-bin-setup@1.0.6
156 silly decomposeActions finalize node-bin-setup@1.0.6
157 silly decomposeActions fetch node@10.5.0
158 silly decomposeActions extract node@10.5.0
159 silly decomposeActions test node@10.5.0
160 silly decomposeActions preinstall node@10.5.0
161 silly decomposeActions build node@10.5.0
162 silly decomposeActions install node@10.5.0
163 silly decomposeActions postinstall node@10.5.0
164 silly decomposeActions finalize node@10.5.0
165 silly runTopLevelLifecycles Starting
166 silly executeActions Starting
167 silly install executeActions
168 silly doSerial global-install 0
169 silly doParallel fetch 2
170 verbose correctMkdir C:\Users\jeana\AppData\Roaming\npm-cache\_locks correctMkdir not in flight; initializing
171 verbose lock using C:\Users\jeana\AppData\Roaming\npm-cache\_locks\staging-dd6946bf0399af42.lock for C:\Users\jeana\AppData\Roaming\npm\node_modules\.staging
172 silly doParallel extract 2
173 silly extract node-bin-setup@1.0.6
174 silly extract node@10.5.0
175 verbose unbuild node_modules\.staging\node-bin-setup-0ba54155
176 verbose unbuild node_modules\.staging\node-a74afb42
177 silly gentlyRm C:\Users\jeana\AppData\Roaming\npm\node_modules\.staging\node-bin-setup-0ba54155 is being purged from base C:\Users\jeana\AppData\Roaming\npm
178 verbose gentlyRm don't care about contents; nuking C:\Users\jeana\AppData\Roaming\npm\node_modules\.staging\node-bin-setup-0ba54155
179 verbose tar unpack C:\Users\jeana\AppData\Roaming\npm-cache\node-bin-setup\1.0.6\package.tgz
180 verbose tar unpacking to C:\Users\jeana\AppData\Roaming\npm\node_modules\.staging\node-bin-setup-0ba54155
181 silly gentlyRm C:\Users\jeana\AppData\Roaming\npm\node_modules\.staging\node-bin-setup-0ba54155 is being purged
182 verbose gentlyRm don't care about contents; nuking C:\Users\jeana\AppData\Roaming\npm\node_modules\.staging\node-bin-setup-0ba54155
183 silly gunzTarPerm modes [ '777', '666' ]
184 silly gentlyRm C:\Users\jeana\AppData\Roaming\npm\node_modules\.staging\node-a74afb42 is being purged from base C:\Users\jeana\AppData\Roaming\npm
185 verbose gentlyRm don't care about contents; nuking C:\Users\jeana\AppData\Roaming\npm\node_modules\.staging\node-a74afb42
186 verbose tar unpack C:\Users\jeana\AppData\Roaming\npm-cache\node\10.5.0\package.tgz
187 verbose tar unpacking to C:\Users\jeana\AppData\Roaming\npm\node_modules\.staging\node-a74afb42
188 silly gentlyRm C:\Users\jeana\AppData\Roaming\npm\node_modules\.staging\node-a74afb42 is being purged
189 verbose gentlyRm don't care about contents; nuking C:\Users\jeana\AppData\Roaming\npm\node_modules\.staging\node-a74afb42
190 silly gunzTarPerm modes [ '777', '666' ]
191 silly gunzTarPerm extractEntry package.json
192 silly gunzTarPerm modified mode [ 'package.json', 420, 438 ]
193 silly gunzTarPerm extractEntry package.json
194 silly gunzTarPerm modified mode [ 'package.json', 420, 438 ]
195 silly gunzTarPerm extractEntry index.js
196 silly gunzTarPerm modified mode [ 'index.js', 420, 438 ]
197 silly gunzTarPerm extractEntry installArchSpecificPackage.js
198 silly gunzTarPerm modified mode [ 'installArchSpecificPackage.js', 420, 438 ]
199 silly gunzTarPerm extractEntry README.md
200 silly gunzTarPerm modified mode [ 'README.md', 420, 438 ]
201 silly gentlyRm C:\Users\jeana\AppData\Roaming\npm\node_modules\.staging\node-a74afb42\node_modules is being purged
202 verbose gentlyRm don't care about contents; nuking C:\Users\jeana\AppData\Roaming\npm\node_modules\.staging\node-a74afb42\node_modules
203 silly gentlyRm C:\Users\jeana\AppData\Roaming\npm\node_modules\.staging\node-bin-setup-0ba54155\node_modules is being purged
204 verbose gentlyRm don't care about contents; nuking C:\Users\jeana\AppData\Roaming\npm\node_modules\.staging\node-bin-setup-0ba54155\node_modules
205 silly doParallel preinstall 2
206 silly preinstall node-bin-setup@1.0.6
207 info lifecycle node-bin-setup@1.0.6~preinstall: node-bin-setup@1.0.6
208 silly preinstall node@10.5.0
209 info lifecycle node@10.5.0~preinstall: node@10.5.0
210 silly lifecycle node-bin-setup@1.0.6~preinstall: no script for preinstall, continuing
211 verbose lifecycle node@10.5.0~preinstall: unsafe-perm in lifecycle true
212 verbose lifecycle node@10.5.0~preinstall: PATH: C:\Program Files\nodejs\node_modules\npm\bin\node-gyp-bin;C:\Users\jeana\AppData\Roaming\npm\node_modules\.staging\node-a74afb42\node_modules\.bin;C:\Users\jeana\AppData\Roaming\npm\node_modules\.bin;C:\Program Files\Git\cmd;C:\ProgramData\Oracle\Java\javapath;C:\Program Files (x86)\Intel\iCLS Client\;C:\Program Files\Intel\iCLS Client\;C:\WINDOWS\system32;C:\WINDOWS;C:\WINDOWS\System32\Wbem;C:\WINDOWS\System32\WindowsPowerShell\v1.0\;C:\WINDOWS\system32\config\systemprofile\.dnx\bin;C:\Program Files\Microsoft DNX\Dnvm\;C:\Program Files\Microsoft SQL Server\130\Tools\Binn\;C:\Program Files\nodejs\;C:\Program Files (x86)\PuTTY\;C:\Program Files (x86)\Intel\Intel(R) Management Engine Components\DAL;C:\Program Files\Intel\Intel(R) Management Engine Components\DAL;C:\Program Files (x86)\Intel\Intel(R) Management Engine Components\IPT;C:\Program Files\Intel\Intel(R) Management Engine Components\IPT;C:\Program Files\MongoDB\Server\3.4\bin;C:\Program Files\Heroku\bin;C:\Users\jeana\AppData\Roaming\npm;%USERPROFILE%\AppData\Local\Microsoft\WindowsApps;
213 verbose lifecycle node@10.5.0~preinstall: CWD: C:\Users\jeana\AppData\Roaming\npm\node_modules\.staging\node-a74afb42
214 silly lifecycle node@10.5.0~preinstall: Args: [ '/d /s /c', 'node installArchSpecificPackage' ]
215 silly lifecycle node@10.5.0~preinstall: Returned: code: 1  signal: null
216 info lifecycle node@10.5.0~preinstall: Failed to exec preinstall script
217 verbose unlock done using C:\Users\jeana\AppData\Roaming\npm-cache\_locks\staging-dd6946bf0399af42.lock for C:\Users\jeana\AppData\Roaming\npm\node_modules\.staging
218 silly rollbackFailedOptional Starting
219 silly rollbackFailedOptional Finishing
220 silly runTopLevelLifecycles Finishing
221 silly install printInstalled
222 verbose stack Error: node@10.5.0 preinstall: `node installArchSpecificPackage`
222 verbose stack Exit status 1
222 verbose stack     at EventEmitter.<anonymous> (C:\Program Files\nodejs\node_modules\npm\lib\utils\lifecycle.js:279:16)
222 verbose stack     at emitTwo (events.js:106:13)
222 verbose stack     at EventEmitter.emit (events.js:192:7)
222 verbose stack     at ChildProcess.<anonymous> (C:\Program Files\nodejs\node_modules\npm\lib\utils\spawn.js:40:14)
222 verbose stack     at emitTwo (events.js:106:13)
222 verbose stack     at ChildProcess.emit (events.js:192:7)
222 verbose stack     at maybeClose (internal/child_process.js:890:16)
222 verbose stack     at Process.ChildProcess._handle.onexit (internal/child_process.js:226:5)
223 verbose pkgid node@10.5.0
224 verbose cwd C:\Users\jeana\Documents\video-chat
225 error Windows_NT 10.0.16299
226 error argv "C:\\Program Files\\nodejs\\node.exe" "C:\\Program Files\\nodejs\\node_modules\\npm\\bin\\npm-cli.js" "install" "node" "-g"
227 error node v7.6.0
228 error npm  v4.1.2
229 error code ELIFECYCLE
230 error node@10.5.0 preinstall: `node installArchSpecificPackage`
230 error Exit status 1
231 error Failed at the node@10.5.0 preinstall script 'node installArchSpecificPackage'.
231 error Make sure you have the latest version of node.js and npm installed.
231 error If you do, this is most likely a problem with the node package,
231 error not with npm itself.
231 error Tell the author that this fails on your system:
231 error     node installArchSpecificPackage
231 error You can get information on how to open an issue for this project with:
231 error     npm bugs node
231 error Or if that isn't available, you can get their info via:
231 error     npm owner ls node
231 error There is likely additional logging output above.
232 verbose exit [ 1, true ]
